Array
(
)
Array
(
)
Array
(
)
Array
(
)
Array
(
)
Array
(
)
Array
(
)
Array
(
)
Array
(
    [0] => stdClass Object
        (
            [field_image_and_caption_target_id] => 340
        )

    [1] => stdClass Object
        (
            [field_image_and_caption_target_id] => 364
        )

    [2] => stdClass Object
        (
            [field_image_and_caption_target_id] => 406
        )

    [3] => stdClass Object
        (
            [field_image_and_caption_target_id] => 422
        )

    [4] => stdClass Object
        (
            [field_image_and_caption_target_id] => 566
        )

    [5] => stdClass Object
        (
            [field_image_and_caption_target_id] => 582
        )

    [6] => stdClass Object
        (
            [field_image_and_caption_target_id] => 598
        )

    [7] => stdClass Object
        (
            [field_image_and_caption_target_id] => 614
        )

    [8] => stdClass Object
        (
            [field_image_and_caption_target_id] => 622
        )

    [9] => stdClass Object
        (
            [field_image_and_caption_target_id] => 967
        )

    [10] => stdClass Object
        (
            [field_image_and_caption_target_id] => 975
        )

    [11] => stdClass Object
        (
            [field_image_and_caption_target_id] => 983
        )

    [12] => stdClass Object
        (
            [field_image_and_caption_target_id] => 991
        )

    [13] => stdClass Object
        (
            [field_image_and_caption_target_id] => 1007
        )

    [14] => stdClass Object
        (
            [field_image_and_caption_target_id] => 1023
        )

)
Array
(
    [0] => stdClass Object
        (
            [field_image_and_caption_target_id] => 340
        )

    [1] => stdClass Object
        (
            [field_image_and_caption_target_id] => 364
        )

    [2] => stdClass Object
        (
            [field_image_and_caption_target_id] => 406
        )

    [3] => stdClass Object
        (
            [field_image_and_caption_target_id] => 422
        )

    [4] => stdClass Object
        (
            [field_image_and_caption_target_id] => 566
        )

    [5] => stdClass Object
        (
            [field_image_and_caption_target_id] => 582
        )

    [6] => stdClass Object
        (
            [field_image_and_caption_target_id] => 598
        )

    [7] => stdClass Object
        (
            [field_image_and_caption_target_id] => 614
        )

    [8] => stdClass Object
        (
            [field_image_and_caption_target_id] => 622
        )

    [9] => stdClass Object
        (
            [field_image_and_caption_target_id] => 967
        )

    [10] => stdClass Object
        (
            [field_image_and_caption_target_id] => 975
        )

    [11] => stdClass Object
        (
            [field_image_and_caption_target_id] => 983
        )

    [12] => stdClass Object
        (
            [field_image_and_caption_target_id] => 991
        )

    [13] => stdClass Object
        (
            [field_image_and_caption_target_id] => 1007
        )

    [14] => stdClass Object
        (
            [field_image_and_caption_target_id] => 1023
        )

)
Array
(
    [0] => stdClass Object
        (
            [field_image_and_caption_target_id] => 340
        )

    [1] => stdClass Object
        (
            [field_image_and_caption_target_id] => 364
        )

    [2] => stdClass Object
        (
            [field_image_and_caption_target_id] => 406
        )

    [3] => stdClass Object
        (
            [field_image_and_caption_target_id] => 422
        )

    [4] => stdClass Object
        (
            [field_image_and_caption_target_id] => 566
        )

    [5] => stdClass Object
        (
            [field_image_and_caption_target_id] => 582
        )

    [6] => stdClass Object
        (
            [field_image_and_caption_target_id] => 598
        )

    [7] => stdClass Object
        (
            [field_image_and_caption_target_id] => 614
        )

    [8] => stdClass Object
        (
            [field_image_and_caption_target_id] => 622
        )

    [9] => stdClass Object
        (
            [field_image_and_caption_target_id] => 967
        )

    [10] => stdClass Object
        (
            [field_image_and_caption_target_id] => 975
        )

    [11] => stdClass Object
        (
            [field_image_and_caption_target_id] => 983
        )

    [12] => stdClass Object
        (
            [field_image_and_caption_target_id] => 991
        )

    [13] => stdClass Object
        (
            [field_image_and_caption_target_id] => 1007
        )

    [14] => stdClass Object
        (
            [field_image_and_caption_target_id] => 1023
        )

)
Array
(
)
Array
(
)
Array
(
)
Array
(
)
Array
(
)
Array
(
)
Array
(
)
Array
(
)
Array
(
)
Array
(
)
Array
(
)
Array
(
)
Array
(
)
Array
(
)
Array
(
)
Array
(
)
Array
(
)
Array
(
)
Array
(
)
Array
(
)
Array
(
    [0] => stdClass Object
        (
            [field_image_and_caption_target_id] => 1103
        )

)
Array
(
    [0] => stdClass Object
        (
            [field_image_and_caption_target_id] => 1103
        )

)
Array
(
    [0] => stdClass Object
        (
            [field_image_and_caption_target_id] => 1104
        )

)
Array
(
    [0] => stdClass Object
        (
            [field_image_and_caption_target_id] => 1105
        )

)
Array
(
    [0] => stdClass Object
        (
            [field_image_and_caption_target_id] => 1106
        )

)
Array
(
    [0] => stdClass Object
        (
            [field_image_and_caption_target_id] => 1107
        )

)
Array
(
    [0] => stdClass Object
        (
            [field_image_and_caption_target_id] => 1108
        )

)
Array
(
    [0] => stdClass Object
        (
            [field_image_and_caption_target_id] => 1109
        )

)
Array
(
    [0] => stdClass Object
        (
            [field_image_and_caption_target_id] => 1110
        )

)
Array
(
    [0] => stdClass Object
        (
            [field_image_and_caption_target_id] => 1103
        )

)
Array
(
    [0] => stdClass Object
        (
            [field_image_and_caption_target_id] => 1104
        )

)
Array
(
    [0] => stdClass Object
        (
            [field_image_and_caption_target_id] => 1105
        )

)
Array
(
    [0] => stdClass Object
        (
            [field_image_and_caption_target_id] => 1106
        )

)
Array
(
    [0] => stdClass Object
        (
            [field_image_and_caption_target_id] => 1107
        )

)
Array
(
    [0] => stdClass Object
        (
            [field_image_and_caption_target_id] => 1108
        )

)
Array
(
    [0] => stdClass Object
        (
            [field_image_and_caption_target_id] => 1109
        )

)
Array
(
    [0] => stdClass Object
        (
            [field_image_and_caption_target_id] => 1110
        )

)
Array
(
    [0] => stdClass Object
        (
            [field_image_and_caption_target_id] => 1103
        )

)
Array
(
    [0] => stdClass Object
        (
            [field_image_and_caption_target_id] => 1104
        )

)
Array
(
    [0] => stdClass Object
        (
            [field_image_and_caption_target_id] => 1105
        )

)
Array
(
    [0] => stdClass Object
        (
            [field_image_and_caption_target_id] => 1106
        )

)
Array
(
    [0] => stdClass Object
        (
            [field_image_and_caption_target_id] => 1107
        )

)
Array
(
    [0] => stdClass Object
        (
            [field_image_and_caption_target_id] => 1108
        )

)
Array
(
    [0] => stdClass Object
        (
            [field_image_and_caption_target_id] => 1109
        )

)
Array
(
    [0] => stdClass Object
        (
            [field_image_and_caption_target_id] => 1110
        )

)
Array
(
    [0] => stdClass Object
        (
            [field_image_and_caption_target_id] => 1111
        )

)
Array
(
    [0] => stdClass Object
        (
            [field_image_and_caption_target_id] => 1112
        )

)
Array
(
    [0] => stdClass Object
        (
            [field_image_and_caption_target_id] => 1113
        )

)
Array
(
    [0] => stdClass Object
        (
            [field_image_and_caption_target_id] => 1114
        )

)
Array
(
    [0] => stdClass Object
        (
            [field_image_and_caption_target_id] => 1115
        )

)
Array
(
    [0] => stdClass Object
        (
            [field_image_and_caption_target_id] => 1116
        )

)
Array
(
    [0] => stdClass Object
        (
            [field_image_and_caption_target_id] => 1117
        )

)
Array
(
    [0] => stdClass Object
        (
            [field_image_and_caption_target_id] => 1118
        )

)
Array
(
    [0] => stdClass Object
        (
            [field_image_and_caption_target_id] => 1111
        )

)
Array
(
    [0] => stdClass Object
        (
            [field_image_and_caption_target_id] => 1112
        )

)
Array
(
    [0] => stdClass Object
        (
            [field_image_and_caption_target_id] => 1113
        )

)
Array
(
    [0] => stdClass Object
        (
            [field_image_and_caption_target_id] => 1114
        )

)
Array
(
    [0] => stdClass Object
        (
            [field_image_and_caption_target_id] => 1115
        )

)
Array
(
    [0] => stdClass Object
        (
            [field_image_and_caption_target_id] => 1116
        )

)
Array
(
    [0] => stdClass Object
        (
            [field_image_and_caption_target_id] => 1117
        )

)
Array
(
    [0] => stdClass Object
        (
            [field_image_and_caption_target_id] => 1118
        )

)
Array
(
    [0] => stdClass Object
        (
            [field_image_and_caption_target_id] => 1111
        )

)
Array
(
    [0] => stdClass Object
        (
            [field_image_and_caption_target_id] => 1112
        )

)
Array
(
    [0] => stdClass Object
        (
            [field_image_and_caption_target_id] => 1113
        )

)
Array
(
    [0] => stdClass Object
        (
            [field_image_and_caption_target_id] => 1114
        )

)
Array
(
    [0] => stdClass Object
        (
            [field_image_and_caption_target_id] => 1115
        )

)
Array
(
    [0] => stdClass Object
        (
            [field_image_and_caption_target_id] => 1116
        )

)
Array
(
    [0] => stdClass Object
        (
            [field_image_and_caption_target_id] => 1117
        )

)
Array
(
    [0] => stdClass Object
        (
            [field_image_and_caption_target_id] => 1118
        )

)
Array
(
    [0] => stdClass Object
        (
            [field_image_and_caption_target_id] => 1102
        )

)
Array
(
)
Array
(
)
Array
(
)
Array
(
)
Array
(
)
Array
(
)
Array
(
)
Array
(
    [0] => stdClass Object
        (
            [field_image_and_caption_target_id] => 1125
        )

)
Array
(
)
Array
(
)
Array
(
)
Array
(
)
Array
(
)
Array
(
)
Array
(
)
Array
(
    [0] => stdClass Object
        (
            [field_image_and_caption_target_id] => 1103
        )

)
Array
(
    [0] => stdClass Object
        (
            [field_image_and_caption_target_id] => 1104
        )

)
Array
(
    [0] => stdClass Object
        (
            [field_image_and_caption_target_id] => 1105
        )

)
Array
(
    [0] => stdClass Object
        (
            [field_image_and_caption_target_id] => 1106
        )

)
Array
(
    [0] => stdClass Object
        (
            [field_image_and_caption_target_id] => 1107
        )

)
Array
(
    [0] => stdClass Object
        (
            [field_image_and_caption_target_id] => 1108
        )

)
Array
(
    [0] => stdClass Object
        (
            [field_image_and_caption_target_id] => 1109
        )

)
Array
(
    [0] => stdClass Object
        (
            [field_image_and_caption_target_id] => 1110
        )

)
Array
(
    [0] => stdClass Object
        (
            [field_image_and_caption_target_id] => 1111
        )

)
Array
(
    [0] => stdClass Object
        (
            [field_image_and_caption_target_id] => 1112
        )

)
Array
(
    [0] => stdClass Object
        (
            [field_image_and_caption_target_id] => 1113
        )

)
Array
(
    [0] => stdClass Object
        (
            [field_image_and_caption_target_id] => 1114
        )

)
Array
(
    [0] => stdClass Object
        (
            [field_image_and_caption_target_id] => 1115
        )

)
Array
(
    [0] => stdClass Object
        (
            [field_image_and_caption_target_id] => 1116
        )

)
Array
(
    [0] => stdClass Object
        (
            [field_image_and_caption_target_id] => 1117
        )

)
Array
(
    [0] => stdClass Object
        (
            [field_image_and_caption_target_id] => 1118
        )

)
Array
(
    [0] => stdClass Object
        (
            [field_image_and_caption_target_id] => 1111
        )

)
Array
(
    [0] => stdClass Object
        (
            [field_image_and_caption_target_id] => 1112
        )

)
Array
(
    [0] => stdClass Object
        (
            [field_image_and_caption_target_id] => 1113
        )

)
Array
(
    [0] => stdClass Object
        (
            [field_image_and_caption_target_id] => 1114
        )

)
Array
(
    [0] => stdClass Object
        (
            [field_image_and_caption_target_id] => 1115
        )

)
Array
(
    [0] => stdClass Object
        (
            [field_image_and_caption_target_id] => 1116
        )

)
Array
(
    [0] => stdClass Object
        (
            [field_image_and_caption_target_id] => 1117
        )

)
Array
(
    [0] => stdClass Object
        (
            [field_image_and_caption_target_id] => 1118
        )

)
Array
(
    [0] => stdClass Object
        (
            [field_image_and_caption_target_id] => 1111
        )

)
Array
(
    [0] => stdClass Object
        (
            [field_image_and_caption_target_id] => 1112
        )

)
Array
(
    [0] => stdClass Object
        (
            [field_image_and_caption_target_id] => 1113
        )

)
Array
(
    [0] => stdClass Object
        (
            [field_image_and_caption_target_id] => 1114
        )

)
Array
(
    [0] => stdClass Object
        (
            [field_image_and_caption_target_id] => 1115
        )

)
Array
(
    [0] => stdClass Object
        (
            [field_image_and_caption_target_id] => 1116
        )

)
Array
(
    [0] => stdClass Object
        (
            [field_image_and_caption_target_id] => 1117
        )

)
Array
(
    [0] => stdClass Object
        (
            [field_image_and_caption_target_id] => 1118
        )

)
Array
(
    [0] => stdClass Object
        (
            [field_image_and_caption_target_id] => 1111
        )

)
Array
(
    [0] => stdClass Object
        (
            [field_image_and_caption_target_id] => 1112
        )

)
Array
(
    [0] => stdClass Object
        (
            [field_image_and_caption_target_id] => 1113
        )

)
Array
(
    [0] => stdClass Object
        (
            [field_image_and_caption_target_id] => 1114
        )

)
Array
(
    [0] => stdClass Object
        (
            [field_image_and_caption_target_id] => 1115
        )

)
Array
(
    [0] => stdClass Object
        (
            [field_image_and_caption_target_id] => 1116
        )

)
Array
(
    [0] => stdClass Object
        (
            [field_image_and_caption_target_id] => 1117
        )

)
Array
(
    [0] => stdClass Object
        (
            [field_image_and_caption_target_id] => 1118
        )

)
Array
(
    [0] => stdClass Object
        (
            [field_image_and_caption_target_id] => 1111
        )

)
Array
(
    [0] => stdClass Object
        (
            [field_image_and_caption_target_id] => 1112
        )

)
Array
(
    [0] => stdClass Object
        (
            [field_image_and_caption_target_id] => 1113
        )

)
Array
(
    [0] => stdClass Object
        (
            [field_image_and_caption_target_id] => 1114
        )

)
Array
(
    [0] => stdClass Object
        (
            [field_image_and_caption_target_id] => 1115
        )

)
Array
(
    [0] => stdClass Object
        (
            [field_image_and_caption_target_id] => 1116
        )

)
Array
(
    [0] => stdClass Object
        (
            [field_image_and_caption_target_id] => 1117
        )

)
Array
(
    [0] => stdClass Object
        (
            [field_image_and_caption_target_id] => 1118
        )

)
Array
(
    [0] => stdClass Object
        (
            [field_image_and_caption_target_id] => 1111
        )

)
Array
(
    [0] => stdClass Object
        (
            [field_image_and_caption_target_id] => 1112
        )

)
Array
(
    [0] => stdClass Object
        (
            [field_image_and_caption_target_id] => 1113
        )

)
Array
(
    [0] => stdClass Object
        (
            [field_image_and_caption_target_id] => 1114
        )

)
Array
(
    [0] => stdClass Object
        (
            [field_image_and_caption_target_id] => 1115
        )

)
Array
(
    [0] => stdClass Object
        (
            [field_image_and_caption_target_id] => 1116
        )

)
Array
(
    [0] => stdClass Object
        (
            [field_image_and_caption_target_id] => 1117
        )

)
Array
(
    [0] => stdClass Object
        (
            [field_image_and_caption_target_id] => 1118
        )

)
Array
(
    [0] => stdClass Object
        (
            [field_image_and_caption_target_id] => 1111
        )

)
Array
(
    [0] => stdClass Object
        (
            [field_image_and_caption_target_id] => 1112
        )

)
Array
(
    [0] => stdClass Object
        (
            [field_image_and_caption_target_id] => 1113
        )

)
Array
(
    [0] => stdClass Object
        (
            [field_image_and_caption_target_id] => 1114
        )

)
Array
(
    [0] => stdClass Object
        (
            [field_image_and_caption_target_id] => 1115
        )

)
Array
(
    [0] => stdClass Object
        (
            [field_image_and_caption_target_id] => 1116
        )

)
Array
(
    [0] => stdClass Object
        (
            [field_image_and_caption_target_id] => 1117
        )

)
Array
(
    [0] => stdClass Object
        (
            [field_image_and_caption_target_id] => 1118
        )

)
Array
(
    [0] => stdClass Object
        (
            [field_image_and_caption_target_id] => 1111
        )

)
Array
(
    [0] => stdClass Object
        (
            [field_image_and_caption_target_id] => 1112
        )

)
Array
(
    [0] => stdClass Object
        (
            [field_image_and_caption_target_id] => 1113
        )

)
Array
(
    [0] => stdClass Object
        (
            [field_image_and_caption_target_id] => 1114
        )

)
Array
(
    [0] => stdClass Object
        (
            [field_image_and_caption_target_id] => 1115
        )

)
Array
(
    [0] => stdClass Object
        (
            [field_image_and_caption_target_id] => 1116
        )

)
Array
(
    [0] => stdClass Object
        (
            [field_image_and_caption_target_id] => 1117
        )

)
Array
(
    [0] => stdClass Object
        (
            [field_image_and_caption_target_id] => 1118
        )

)
Array
(
    [0] => stdClass Object
        (
            [field_image_and_caption_target_id] => 1111
        )

)
Array
(
    [0] => stdClass Object
        (
            [field_image_and_caption_target_id] => 1112
        )

)
Array
(
    [0] => stdClass Object
        (
            [field_image_and_caption_target_id] => 1113
        )

)
Array
(
    [0] => stdClass Object
        (
            [field_image_and_caption_target_id] => 1114
        )

)
Array
(
    [0] => stdClass Object
        (
            [field_image_and_caption_target_id] => 1115
        )

)
Array
(
    [0] => stdClass Object
        (
            [field_image_and_caption_target_id] => 1116
        )

)
Array
(
    [0] => stdClass Object
        (
            [field_image_and_caption_target_id] => 1117
        )

)
Array
(
    [0] => stdClass Object
        (
            [field_image_and_caption_target_id] => 1118
        )

)
Array
(
    [0] => stdClass Object
        (
            [field_image_and_caption_target_id] => 1111
        )

)
Array
(
    [0] => stdClass Object
        (
            [field_image_and_caption_target_id] => 1112
        )

)
Array
(
    [0] => stdClass Object
        (
            [field_image_and_caption_target_id] => 1113
        )

)
Array
(
    [0] => stdClass Object
        (
            [field_image_and_caption_target_id] => 1114
        )

)
Array
(
    [0] => stdClass Object
        (
            [field_image_and_caption_target_id] => 1115
        )

)
Array
(
    [0] => stdClass Object
        (
            [field_image_and_caption_target_id] => 1116
        )

)
Array
(
    [0] => stdClass Object
        (
            [field_image_and_caption_target_id] => 1117
        )

)
Array
(
    [0] => stdClass Object
        (
            [field_image_and_caption_target_id] => 1118
        )

)
Array
(
    [0] => stdClass Object
        (
            [field_image_and_caption_target_id] => 1111
        )

)
Array
(
    [0] => stdClass Object
        (
            [field_image_and_caption_target_id] => 1112
        )

)
Array
(
    [0] => stdClass Object
        (
            [field_image_and_caption_target_id] => 1113
        )

)
Array
(
    [0] => stdClass Object
        (
            [field_image_and_caption_target_id] => 1114
        )

)
Array
(
    [0] => stdClass Object
        (
            [field_image_and_caption_target_id] => 1115
        )

)
Array
(
    [0] => stdClass Object
        (
            [field_image_and_caption_target_id] => 1116
        )

)
Array
(
    [0] => stdClass Object
        (
            [field_image_and_caption_target_id] => 1117
        )

)
Array
(
    [0] => stdClass Object
        (
            [field_image_and_caption_target_id] => 1118
        )

)
Array
(
    [0] => stdClass Object
        (
            [field_image_and_caption_target_id] => 1111
        )

)
Array
(
    [0] => stdClass Object
        (
            [field_image_and_caption_target_id] => 1111
        )

)
Array
(
    [0] => stdClass Object
        (
            [field_image_and_caption_target_id] => 1112
        )

)
Array
(
    [0] => stdClass Object
        (
            [field_image_and_caption_target_id] => 1113
        )

)
Array
(
    [0] => stdClass Object
        (
            [field_image_and_caption_target_id] => 1114
        )

)
Array
(
    [0] => stdClass Object
        (
            [field_image_and_caption_target_id] => 1115
        )

)
Array
(
    [0] => stdClass Object
        (
            [field_image_and_caption_target_id] => 1116
        )

)
Array
(
    [0] => stdClass Object
        (
            [field_image_and_caption_target_id] => 1117
        )

)
Array
(
    [0] => stdClass Object
        (
            [field_image_and_caption_target_id] => 1118
        )

)
Array
(
    [0] => stdClass Object
        (
            [field_image_and_caption_target_id] => 1111
        )

)
Array
(
    [0] => stdClass Object
        (
            [field_image_and_caption_target_id] => 1112
        )

)
Array
(
    [0] => stdClass Object
        (
            [field_image_and_caption_target_id] => 1113
        )

)
Array
(
    [0] => stdClass Object
        (
            [field_image_and_caption_target_id] => 1114
        )

)
Array
(
    [0] => stdClass Object
        (
            [field_image_and_caption_target_id] => 1115
        )

)
Array
(
    [0] => stdClass Object
        (
            [field_image_and_caption_target_id] => 1116
        )

)
Array
(
    [0] => stdClass Object
        (
            [field_image_and_caption_target_id] => 1117
        )

)
Array
(
    [0] => stdClass Object
        (
            [field_image_and_caption_target_id] => 1118
        )

)
